 * Serving Flask app 'app'
 * Debug mode: on
[31m[1mWARNING: This is a development server. Do not use it in a production deployment. Use a production WSGI server instead.[0m
 * Running on all addresses (0.0.0.0)
 * Running on http://127.0.0.1:5000
 * Running on http://10.88.177.41:5000
[33mPress CTRL+C to quit[0m
 * Restarting with stat
 * Debugger is active!
 * Debugger PIN: 693-210-082
127.0.0.1 - - [11/Feb/2026 18:05:39] "[35m[1mPOST /api/auth/register HTTP/1.1[0m" 500 -
 * Detected change in '/home/info-gillydev/Downloads/secure-messaging-system (2)/backend/app/routes/auth.py', reloading
 * Restarting with stat
Traceback (most recent call last):
  File "/home/info-gillydev/Downloads/secure-messaging-system (2)/backend/app.py", line 9, in <module>
    app = create_app(os.getenv('FLASK_ENV', 'development'))
  File "/home/info-gillydev/Downloads/secure-messaging-system (2)/backend/app/__init__.py", line 34, in create_app
    from app.routes import auth_bp, items_bp, messages_bp
  File "/home/info-gillydev/Downloads/secure-messaging-system (2)/backend/app/routes/__init__.py", line 1, in <module>
    from .auth import auth_bp
  File "/home/info-gillydev/Downloads/secure-messaging-system (2)/backend/app/routes/auth.py", line 175, in <module>
    a
NameError: name 'a' is not defined
